g:\scb solution\scbemulator\canbustransceiversolution\positionersimulation\release\positionersimulation.pch
g:\scb solution\scbemulator\canbustransceiversolution\positionersimulation\release\assemblyinfo.obj
g:\scb solution\scbemulator\canbustransceiversolution\positionersimulation\release\collimator.obj
g:\scb solution\scbemulator\canbustransceiversolution\positionersimulation\release\otcabcontrol.obj
g:\scb solution\scbemulator\canbustransceiversolution\positionersimulation\release\otcxyzcontrol.obj
g:\scb solution\scbemulator\canbustransceiversolution\positionersimulation\release\tablecontrol.obj
g:\scb solution\scbemulator\canbustransceiversolution\positionersimulation\release\wallstandcontrol.obj
g:\scb solution\scbemulator\canbustransceiversolution\positionersimulation\release\vc90.pdb
h:\scb solution\scbemulator\canbustransceiversolution\positionersimulation\release\positionersimulation.pch
h:\scb solution\scbemulator\canbustransceiversolution\positionersimulation\release\assemblyinfo.obj
h:\scb solution\scbemulator\canbustransceiversolution\positionersimulation\release\collimator.obj
h:\scb solution\scbemulator\canbustransceiversolution\positionersimulation\release\otcabcontrol.obj
h:\scb solution\scbemulator\canbustransceiversolution\positionersimulation\release\otcxyzcontrol.obj
h:\scb solution\scbemulator\canbustransceiversolution\positionersimulation\release\tablecontrol.obj
h:\scb solution\scbemulator\canbustransceiversolution\positionersimulation\release\wallstandcontrol.obj
h:\scb solution\scbemulator\canbustransceiversolution\positionersimulation\release\vc90.pdb
g:\scb solution\scbemulator\canbustransceiversolution\release\positionersimulation.dll
g:\scb solution\scbemulator\canbustransceiversolution\positionersimulation\release\positionersimulation.dll.intermediate.manifest
g:\scb solution\scbemulator\canbustransceiversolution\release\positionersimulation.pdb
h:\scb solution\scbemulator\canbustransceiversolution\release\positionersimulation.dll
h:\scb solution\scbemulator\canbustransceiversolution\positionersimulation\release\positionersimulation.dll.intermediate.manifest
h:\scb solution\scbemulator\canbustransceiversolution\release\positionersimulation.pdb
g:\scb solution\scbemulator\canbustransceiversolution\positionersimulation\release\app.res
h:\scb solution\scbemulator\canbustransceiversolution\positionersimulation\release\app.res
h:\scb solution\scbemulator\canbustransceiversolution\positionersimulation\release\positionersimulation.vcxprojresolveassemblyreference.cache
h:\scb solution\scbemulator\canbustransceiversolution\positionersimulation\release\cl.command.1.tlog
h:\scb solution\scbemulator\canbustransceiversolution\positionersimulation\release\cl.read.1.tlog
h:\scb solution\scbemulator\canbustransceiversolution\positionersimulation\release\cl.write.1.tlog
h:\scb solution\scbemulator\canbustransceiversolution\positionersimulation\release\link-cvtres.read.1.tlog
h:\scb solution\scbemulator\canbustransceiversolution\positionersimulation\release\link-cvtres.write.1.tlog
h:\scb solution\scbemulator\canbustransceiversolution\positionersimulation\release\link.command.1.tlog
h:\scb solution\scbemulator\canbustransceiversolution\positionersimulation\release\link.read.1.tlog
h:\scb solution\scbemulator\canbustransceiversolution\positionersimulation\release\link.write.1.tlog
h:\scb solution\scbemulator\canbustransceiversolution\positionersimulation\release\metagen.read.1.tlog
h:\scb solution\scbemulator\canbustransceiversolution\positionersimulation\release\metagen.write.1.tlog
h:\scb solution\scbemulator\canbustransceiversolution\positionersimulation\release\mt.command.1.tlog
h:\scb solution\scbemulator\canbustransceiversolution\positionersimulation\release\mt.read.1.tlog
h:\scb solution\scbemulator\canbustransceiversolution\positionersimulation\release\mt.write.1.tlog
h:\scb solution\scbemulator\canbustransceiversolution\positionersimulation\release\positionersimulation.write.1.tlog
h:\scb solution\scbemulator\canbustransceiversolution\positionersimulation\release\rc.command.1.tlog
h:\scb solution\scbemulator\canbustransceiversolution\positionersimulation\release\rc.read.1.tlog
h:\scb solution\scbemulator\canbustransceiversolution\positionersimulation\release\rc.write.1.tlog
